<?xml version="1.0" encoding="UTF-8"?>
<testsuite xmlns:xsi="http://www.w3.org/2001/XMLSchema-instance" xsi:noNamespaceSchemaLocation="https://maven.apache.org/surefire/maven-surefire-plugin/xsd/surefire-test-report-3.0.xsd" version="3.0" name="io.helidon.integrations.oci.requestid.OciResourceTest" time="0.812" tests="4" errors="0" skipped="0" failures="0">
  <properties>
[...]
</properties>
  <testcase name="testLoggingMdc" classname="io.helidon.integrations.oci.requestid.OciResourceTest" time="0.111">
    <system-out><![CDATA[11:58:36.396 INFO  [main] org.jboss.weld.Version - WELD-000900: 4.0.3 (Final) 
11:58:36.507 INFO  [main] org.jboss.weld.Bootstrap - WELD-ENV-000014: Falling back to Java Reflection for bean-discovery-mode="annotated" discovery. Add org.jboss:jandex to the classpath to speed-up startup. 
11:58:36.525 INFO  [main] org.jboss.weld.Bootstrap - WELD-000101: Transactional services not available. Injection of @Inject UserTransaction not available. Transactional observers will be invoked synchronously. 
11:58:36.561 INFO  [main] org.jboss.weld.Event - WELD-000411: Observer method [BackedAnnotatedMethod] public org.glassfish.jersey.ext.cdi1x.internal.ProcessAllAnnotatedTypes.processAnnotatedType(@Observes ProcessAnnotatedType<?>, BeanManager) receives events for all annotated types. Consider restricting events using @WithAnnotations or a generic type with bounds. 
2023.10.25 11:58:36 INFO io.helidon.common.LogConfig Thread[main,5,main] : Logging at initialization configured using /Users/jtrent/dev/hldn/oci-helidon/integration-tests/oci-request-id-test/target/classes/logging.properties 
2023.10.25 11:58:36 INFO io.helidon.microprofile.server.ServerCdiExtension Thread[main,5,main] : Registering JAX-RS Application: HelidonMP 
2023.10.25 11:58:36 INFO io.helidon.webserver.NettyWebServer Thread[nioEventLoopGroup-2-1,10,main] : Channel '@default' started: [id: 0xd14fc473, L:/[0:0:0:0:0:0:0:0]:55794] 
2023.10.25 11:58:36 INFO io.helidon.microprofile.server.ServerCdiExtension Thread[main,5,main] : Server started on http://localhost:55794 (and all other host addresses) in 844 milliseconds (since JVM startup). 
2023.10.25 11:58:36 INFO io.helidon.common.HelidonFeatures Thread[features-thread,5,main] : Helidon MP 3.2.2 features: [CDI, Config, JAX-RS, REST Client, Server] 
2023.10.25 11:58:36 INFO io.helidon.integrations.oci.requestid.OciResource Thread[helidon-server-1,5,server] /93188A8035E18F1D747E3D5E4ED2D193/1A628D0DA678D9B1D13F3465EC89630F: Resource /oci 
]]></system-out>
  </testcase>
  <testcase name="testClientRequestId" classname="io.helidon.integrations.oci.requestid.OciResourceTest" time="0.028">
    <system-out><![CDATA[2023.10.25 11:58:37 INFO io.helidon.integrations.oci.requestid.OciResource Thread[helidon-server-2,5,server] /59C94C15D0DAF857E8DFB6FD91154B74/C6CD5FB1A4AA682D89643F1EECE5D149: Resource /oci/client 
2023.10.25 11:58:37 INFO io.helidon.integrations.oci.requestid.OciResource Thread[helidon-server-3,5,server] /59C94C15D0DAF857E8DFB6FD91154B74/CFC17428FD60DD67862378E2C0DD68EF: Resource /oci 
]]></system-out>
  </testcase>
  <testcase name="testRequestId" classname="io.helidon.integrations.oci.requestid.OciResourceTest" time="0.002">
    <system-out><![CDATA[2023.10.25 11:58:37 INFO io.helidon.integrations.oci.requestid.OciResource Thread[helidon-server-4,5,server] /301698AFE9F98C62FA0594AB9B3465D7/98F05972C1939F69F28561A4BD7DB97A: Resource /oci 
]]></system-out>
  </testcase>
  <testcase name="testMpClientRequestId" classname="io.helidon.integrations.oci.requestid.OciResourceTest" time="0.034">
    <system-out><![CDATA[2023.10.25 11:58:37 INFO io.helidon.integrations.oci.requestid.OciResource Thread[helidon-server-5,5,server] /965F75ECA0327C5781E99F6F30BD609E/F7E0996FD003AC8F6D712811D0C28B54: Resource /oci/mpclient 
2023.10.25 11:58:37 INFO io.helidon.integrations.oci.requestid.OciResource Thread[helidon-server-6,5,server] /965F75ECA0327C5781E99F6F30BD609E/525C7986F6A7F2586E998EA75A8C848F: Resource /oci 
]]></system-out>
  </testcase>
</testsuite>